{
  "0 debug pnpm:scope": {
    "selected": 1
  },
  "1 info pnpm": {
    "err": {
      "name": "Error",
      "message": "not found: index.js",
      "code": "ENOENT",
      "stack": "Error: not found: index.js\n    at getNotFoundError (/nix/store/krp0j4qmx7kw1hvaqnflin7r8azsm71w-pnpm-6.32.3/lib/node_modules/pnpm/dist/pnpm.cjs:41585:51)\n    at Function.whichSync [as sync] (/nix/store/krp0j4qmx7kw1hvaqnflin7r8azsm71w-pnpm-6.32.3/lib/node_modules/pnpm/dist/pnpm.cjs:41662:13)\n    at getCommandAbsolutePathSync (/nix/store/krp0j4qmx7kw1hvaqnflin7r8azsm71w-pnpm-6.32.3/lib/node_modules/pnpm/dist/pnpm.cjs:43227:44)\n    at default_1 (/nix/store/krp0j4qmx7kw1hvaqnflin7r8azsm71w-pnpm-6.32.3/lib/node_modules/pnpm/dist/pnpm.cjs:43236:32)\n    at /nix/store/krp0j4qmx7kw1hvaqnflin7r8azsm71w-pnpm-6.32.3/lib/node_modules/pnpm/dist/pnpm.cjs:178180:39"
    }
  },
  "2 error pnpm": {
    "code": "ERR_PNPM_RECURSIVE_EXEC_FIRST_FAIL",
    "prefix": "/home/kye/git/hello-electron",
    "err": {
      "name": "pnpm",
      "message": "not found: index.js",
      "code": "ERR_PNPM_RECURSIVE_EXEC_FIRST_FAIL",
      "stack": "Error: not found: index.js\n    at getNotFoundError (/nix/store/krp0j4qmx7kw1hvaqnflin7r8azsm71w-pnpm-6.32.3/lib/node_modules/pnpm/dist/pnpm.cjs:41585:51)\n    at Function.whichSync [as sync] (/nix/store/krp0j4qmx7kw1hvaqnflin7r8azsm71w-pnpm-6.32.3/lib/node_modules/pnpm/dist/pnpm.cjs:41662:13)\n    at getCommandAbsolutePathSync (/nix/store/krp0j4qmx7kw1hvaqnflin7r8azsm71w-pnpm-6.32.3/lib/node_modules/pnpm/dist/pnpm.cjs:43227:44)\n    at default_1 (/nix/store/krp0j4qmx7kw1hvaqnflin7r8azsm71w-pnpm-6.32.3/lib/node_modules/pnpm/dist/pnpm.cjs:43236:32)\n    at /nix/store/krp0j4qmx7kw1hvaqnflin7r8azsm71w-pnpm-6.32.3/lib/node_modules/pnpm/dist/pnpm.cjs:178180:39"
    }
  }
}